0 info it worked if it ends with ok
1 verbose cli [ '/Users/bennelson/n/bin/node',
1 verbose cli   '/Users/bennelson/n/bin/npm',
1 verbose cli   'install',
1 verbose cli   '-g',
1 verbose cli   'ts-node' ]
2 info using npm@3.10.10
3 info using node@v6.11.4
4 silly loadCurrentTree Starting
5 silly install loadCurrentTree
6 silly install readGlobalPackageData
7 silly fetchPackageMetaData ts-node
8 silly fetchNamedPackageData ts-node
9 silly mapToRegistry name ts-node
10 silly mapToRegistry using default registry
11 silly mapToRegistry registry http://npm.infrastructure.inintca.com/
12 silly mapToRegistry data Result {
12 silly mapToRegistry   raw: 'ts-node',
12 silly mapToRegistry   scope: null,
12 silly mapToRegistry   escapedName: 'ts-node',
12 silly mapToRegistry   name: 'ts-node',
12 silly mapToRegistry   rawSpec: '',
12 silly mapToRegistry   spec: 'latest',
12 silly mapToRegistry   type: 'tag' }
13 silly mapToRegistry uri http://npm.infrastructure.inintca.com/ts-node
14 verbose request uri http://npm.infrastructure.inintca.com/ts-node
15 verbose request no auth needed
16 info attempt registry request try #1 at 11:58:55 PM
17 verbose request id 62f7e62ede8404f9
18 http request GET http://npm.infrastructure.inintca.com/ts-node
19 info retry will retry, error on last attempt: Error: getaddrinfo ENOTFOUND npm.infrastructure.inintca.com npm.infrastructure.inintca.com:80
20 info attempt registry request try #2 at 11:59:06 PM
21 http request GET http://npm.infrastructure.inintca.com/ts-node
22 info retry will retry, error on last attempt: Error: getaddrinfo ENOTFOUND npm.infrastructure.inintca.com npm.infrastructure.inintca.com:80
23 info attempt registry request try #3 at 12:00:06 AM
24 http request GET http://npm.infrastructure.inintca.com/ts-node
25 silly fetchPackageMetaData Error: getaddrinfo ENOTFOUND npm.infrastructure.inintca.com npm.infrastructure.inintca.com:80
25 silly fetchPackageMetaData     at errnoException (dns.js:28:10)
25 silly fetchPackageMetaData     at GetAddrInfoReqWrap.onlookup [as oncomplete] (dns.js:76:26)
25 silly fetchPackageMetaData  error for ts-node { Error: getaddrinfo ENOTFOUND npm.infrastructure.inintca.com npm.infrastructure.inintca.com:80
25 silly fetchPackageMetaData     at errnoException (dns.js:28:10)
25 silly fetchPackageMetaData     at GetAddrInfoReqWrap.onlookup [as oncomplete] (dns.js:76:26)
25 silly fetchPackageMetaData   code: 'ENOTFOUND',
25 silly fetchPackageMetaData   errno: 'ENOTFOUND',
25 silly fetchPackageMetaData   syscall: 'getaddrinfo',
25 silly fetchPackageMetaData   hostname: 'npm.infrastructure.inintca.com',
25 silly fetchPackageMetaData   host: 'npm.infrastructure.inintca.com',
25 silly fetchPackageMetaData   port: 80 }
26 silly rollbackFailedOptional Starting
27 silly rollbackFailedOptional Finishing
28 silly runTopLevelLifecycles Finishing
29 silly install printInstalled
30 verbose stack Error: getaddrinfo ENOTFOUND npm.infrastructure.inintca.com npm.infrastructure.inintca.com:80
30 verbose stack     at errnoException (dns.js:28:10)
30 verbose stack     at GetAddrInfoReqWrap.onlookup [as oncomplete] (dns.js:76:26)
31 verbose cwd /Users/bennelson/Code/Advent2017/day4
32 error Darwin 16.7.0
33 error argv "/Users/bennelson/n/bin/node" "/Users/bennelson/n/bin/npm" "install" "-g" "ts-node"
34 error node v6.11.4
35 error npm  v3.10.10
36 error code ENOTFOUND
37 error errno ENOTFOUND
38 error syscall getaddrinfo
39 error network getaddrinfo ENOTFOUND npm.infrastructure.inintca.com npm.infrastructure.inintca.com:80
40 error network This is most likely not a problem with npm itself
40 error network and is related to network connectivity.
40 error network In most cases you are behind a proxy or have bad network settings.
40 error network
40 error network If you are behind a proxy, please make sure that the
40 error network 'proxy' config is set properly.  See: 'npm help config'
41 verbose exit [ 1, true ]
